<?xml version="1.0" encoding="UTF-8"?>
<!-- Generated by org.testng.reporters.JUnitXMLReporter -->
<testsuite hostname="D1ML21558" ignored="0" name="Search Student" tests="1" failures="1" timestamp="10 Apr 2018 14:18:37 GMT" time="80.588" errors="0">
  <testcase name="validateUserLabelTest" time="25.902" classname="com.hstm.assignment.flux1.testcases.ManageStudentPageTest">
    <failure type="java.lang.AssertionError" message="UserLable not matched expected [Alisha Corkery] but found [Anthony Homenick]">
      <![CDATA[java.lang.AssertionError: UserLable not matched expected [Alisha Corkery] but found [Anthony Homenick]
at com.hstm.assignment.flux1.testcases.ManageStudentPageTest.validateUserLabelTest(ManageStudentPageTest.java:56)
... Removed 30 stack frames]]>
    </failure>
  </testcase> <!-- validateUserLabelTest -->
</testsuite> <!-- Search Student -->
