<?xml version="1.0" encoding="UTF-8"?>
<testsuite name="TestSuite" time="11.161" tests="3" errors="0" skipped="0" failures="2">
  <properties>
    <property name="java.runtime.name" value="Java(TM) SE Runtime Environment"/>
    <property name="sun.boot.library.path" value="C:\Program Files\Java\jre1.8.0_152\bin"/>
    <property name="java.vm.version" value="25.152-b16"/>
    <property name="java.vm.vendor" value="Oracle Corporation"/>
    <property name="maven.multiModuleProjectDirectory" value="D:\javaworkspace\HstmAssignmentFramework"/>
    <property name="java.vendor.url" value="http://java.oracle.com/"/>
    <property name="path.separator" value=";"/>
    <property name="guice.disable.misplaced.annotation.check" value="true"/>
    <property name="java.vm.name" value="Java HotSpot(TM) 64-Bit Server VM"/>
    <property name="file.encoding.pkg" value="sun.io"/>
    <property name="user.script" value=""/>
    <property name="user.country" value="US"/>
    <property name="sun.java.launcher" value="SUN_STANDARD"/>
    <property name="sun.os.patch.level" value=""/>
    <property name="java.vm.specification.name" value="Java Virtual Machine Specification"/>
    <property name="user.dir" value="D:\javaworkspace\HstmAssignmentFramework"/>
    <property name="java.runtime.version" value="1.8.0_152-b16"/>
    <property name="java.awt.graphicsenv" value="sun.awt.Win32GraphicsEnvironment"/>
    <property name="java.endorsed.dirs" value="C:\Program Files\Java\jre1.8.0_152\lib\endorsed"/>
    <property name="os.arch" value="amd64"/>
    <property name="java.io.tmpdir" value="C:\Users\M1032759\AppData\Local\Temp\"/>
    <property name="line.separator" value="&#10;"/>
    <property name="java.vm.specification.vendor" value="Oracle Corporation"/>
    <property name="user.variant" value=""/>
    <property name="os.name" value="Windows 10"/>
    <property name="classworlds.conf" value="D:\javaworkspace\.metadata\.plugins\org.eclipse.m2e.launching\launches\m2conf8306203467097459642.tmp"/>
    <property name="sun.jnu.encoding" value="Cp1252"/>
    <property name="java.library.path" value="C:\Program Files\Java\jre1.8.0_152\bin;C:\windows\Sun\Java\bin;C:\windows\system32;C:\windows;C:/Program Files/Java/jdk1.8.0_152/bin/../jre/bin/server;C:/Program Files/Java/jdk1.8.0_152/bin/../jre/bin;C:/Program Files/Java/jdk1.8.0_152/bin/../jre/lib/amd64;C:\ProgramData\Oracle\Java\javapath;C:\windows\system32;C:\windows;C:\windows\System32\Wbem;C:\windows\System32\WindowsPowerShell\v1.0\;C:\Program Files\MySQL\MySQL Utilities 1.6\;C:\Program Files\Java\jdk1.8.0_152\bin;C:\Users\M1032759\AppData\Local\Microsoft\WindowsApps;;D:\eclipse-jee-neon-3-win32-x86_64\eclipse;;."/>
    <property name="java.specification.name" value="Java Platform API Specification"/>
    <property name="java.class.version" value="52.0"/>
    <property name="sun.management.compiler" value="HotSpot 64-Bit Tiered Compilers"/>
    <property name="os.version" value="10.0"/>
    <property name="user.home" value="C:\Users\M1032759"/>
    <property name="user.timezone" value="Asia/Calcutta"/>
    <property name="java.awt.printerjob" value="sun.awt.windows.WPrinterJob"/>
    <property name="java.specification.version" value="1.8"/>
    <property name="file.encoding" value="Cp1252"/>
    <property name="user.name" value="M1032759"/>
    <property name="java.class.path" value="/D:/eclipse-jee-neon-3-win32-x86_64/eclipse/plugins/org.eclipse.m2e.maven.runtime_1.7.0.20160603-1931/jars/plexus-classworlds-2.5.2.jar"/>
    <property name="java.vm.specification.version" value="1.8"/>
    <property name="sun.arch.data.model" value="64"/>
    <property name="java.home" value="C:\Program Files\Java\jre1.8.0_152"/>
    <property name="sun.java.command" value="org.codehaus.plexus.classworlds.launcher.Launcher -B test"/>
    <property name="java.specification.vendor" value="Oracle Corporation"/>
    <property name="user.language" value="en"/>
    <property name="awt.toolkit" value="sun.awt.windows.WToolkit"/>
    <property name="java.vm.info" value="mixed mode"/>
    <property name="java.version" value="1.8.0_152"/>
    <property name="java.ext.dirs" value="C:\Program Files\Java\jre1.8.0_152\lib\ext;C:\windows\Sun\Java\lib\ext"/>
    <property name="sun.boot.class.path" value="C:\Program Files\Java\jre1.8.0_152\lib\resources.jar;C:\Program Files\Java\jre1.8.0_152\lib\rt.jar;C:\Program Files\Java\jre1.8.0_152\lib\sunrsasign.jar;C:\Program Files\Java\jre1.8.0_152\lib\jsse.jar;C:\Program Files\Java\jre1.8.0_152\lib\jce.jar;C:\Program Files\Java\jre1.8.0_152\lib\charsets.jar;C:\Program Files\Java\jre1.8.0_152\lib\jfr.jar;C:\Program Files\Java\jre1.8.0_152\classes"/>
    <property name="java.vendor" value="Oracle Corporation"/>
    <property name="maven.home" value="D:\javaworkspace\HstmAssignmentFramework\EMBEDDED"/>
    <property name="file.separator" value="\"/>
    <property name="java.vendor.url.bug" value="http://bugreport.sun.com/bugreport/"/>
    <property name="sun.cpu.endian" value="little"/>
    <property name="sun.io.unicode.encoding" value="UnicodeLittle"/>
    <property name="sun.desktop" value="windows"/>
    <property name="sun.cpu.isalist" value="amd64"/>
  </properties>
  <testcase name="loginPageTitleTest" classname="com.hstm.assignment.flux1.testcases.AdminLoginPageTest" time="0.048">
    <failure message="Welcome to HealthStream expected:&lt;Welcome to HealthStream&gt; but was:&lt;Actual Title is not matching with expected Title&gt;" type="java.lang.AssertionError"><![CDATA[java.lang.AssertionError: Welcome to HealthStream expected:<Welcome to HealthStream> but was:<Actual Title is not matching with expected Title>
	at org.testng.AssertJUnit.assertEquals(AssertJUnit.java:101)
	at com.hstm.assignment.flux1.testcases.AdminLoginPageTest.loginPageTitleTest(AdminLoginPageTest.java:41)
]]></failure>
    <system-out><![CDATA[03-31-2018 19:04:31 AdminLoginPageTest.java INFO  [main] testcases.AdminLoginPageTest 31 - ********Initializing*******
Before navigating to: 'https://www-flux1.team.healthstream.com/hlc/hstm'
Navigated to:'https://www-flux1.team.healthstream.com/hlc/hstm'
03-31-2018 19:04:42 AdminLoginPageTest.java INFO  [main] testcases.AdminLoginPageTest 39 - ********Test Title_TC#1*******
]]></system-out>
    <system-err><![CDATA[Starting ChromeDriver 2.36.540470 (e522d04694c7ebea4ba8821272dbef4f9b818c91) on port 33269
Only local connections are allowed.
Mar 31, 2018 7:04:34 PM org.openqa.selenium.remote.ProtocolHandshake createSession
INFO: Detected dialect: OSS
]]></system-err>
  </testcase>
  <testcase name="hstmLogoTest" classname="com.hstm.assignment.flux1.testcases.AdminLoginPageTest" time="0.138"/>
  <testcase name="loginTest" classname="com.hstm.assignment.flux1.testcases.AdminLoginPageTest" time="10.975">
    <failure message="Site Map expected:&lt;Site Map&gt; but was:&lt;Title is not Matching!&gt;" type="java.lang.AssertionError"><![CDATA[java.lang.AssertionError: Site Map expected:<Site Map> but was:<Title is not Matching!>
	at org.testng.AssertJUnit.assertEquals(AssertJUnit.java:101)
	at com.hstm.assignment.flux1.testcases.AdminLoginPageTest.loginTest(AdminLoginPageTest.java:56)
]]></failure>
    <system-out><![CDATA[03-31-2018 19:04:42 AdminLoginPageTest.java INFO  [main] testcases.AdminLoginPageTest 53 - ********Login to Home Page_TC#3*******
Trying to find Element By : By.id: ctl00_content_ctrlMobileLogin_txtUserId
Found Element By : By.id: ctl00_content_ctrlMobileLogin_txtUserId
Trying to find Element By : By.id: ctl00_content_ctrlMobileLogin_txtPassword
Found Element By : By.id: ctl00_content_ctrlMobileLogin_txtPassword
Trying to find Element By : By.name: ctl00$content$ctrlMobileLogin$btnMobileLogin
Found Element By : By.name: ctl00$content$ctrlMobileLogin$btnMobileLogin
Trying to click on: [[ChromeDriver: chrome on XP (383b1f5e30ff913f2e10574cac435dee)] -> name: ctl00$content$ctrlMobileLogin$btnMobileLogin]
Clicked on: [[ChromeDriver: chrome on XP (383b1f5e30ff913f2e10574cac435dee)] -> name: ctl00$content$ctrlMobileLogin$btnMobileLogin]
]]></system-out>
  </testcase>
</testsuite>